0 info it worked if it ends with ok
1 verbose cli [ 'C:\\Program Files (x86)\\nodejs\\\\node.exe',
1 verbose cli   'C:\\Program Files (x86)\\nodejs\\node_modules\\npm\\bin\\npm-cli.js',
1 verbose cli   'link' ]
2 info using npm@2.11.3
3 info using node@v0.12.7
4 verbose linkPkg C:\Users\hangil\myclinic-drawer-printer
5 silly gentlyRm C:\Users\hangil\AppData\Roaming\npm\node_modules\myclinic-drawer-printer is being purged
6 verbose gentlyRm don't care about contents; nuking C:\Users\hangil\AppData\Roaming\npm\node_modules\myclinic-drawer-printer
7 silly vacuum-fs purging C:\Users\hangil\AppData\Roaming\npm\node_modules\myclinic-drawer-printer
8 silly vacuum-fs quitting because other entries in C:\Users\hangil\AppData\Roaming\npm\node_modules
9 verbose link build target C:\Users\hangil\AppData\Roaming\npm\node_modules\myclinic-drawer-printer
10 verbose install where, what [ 'C:\\Users\\hangil\\myclinic-drawer-printer', [] ]
11 verbose readDependencies loading dependencies from C:\Users\hangil\myclinic-drawer-printer\package.json
12 verbose install where, deps [ 'C:\\Users\\hangil\\myclinic-drawer-printer',
12 verbose install   [ 'bindings', 'conti' ] ]
13 verbose install where, peers [ 'C:\\Users\\hangil\\myclinic-drawer-printer', [] ]
14 verbose installManyTop reading for lifecycle C:\Users\hangil\myclinic-drawer-printer\package.json
15 info preinstall myclinic-drawer-printer@1.1.4
16 verbose installManyTop reading scoped package data from C:\Users\hangil\myclinic-drawer-printer\node_modules\bindings\package.json
17 verbose installManyTop reading scoped package data from C:\Users\hangil\myclinic-drawer-printer\node_modules\conti\package.json
18 verbose installManyTop reading scoped package data from C:\Users\hangil\myclinic-drawer-printer\node_modules\myclinic-drawer-printer\package.json
19 verbose readDependencies loading dependencies from C:\Users\hangil\myclinic-drawer-printer\package.json
20 verbose targetResolver reading package data from C:\Users\hangil\myclinic-drawer-printer\node_modules\bindings\package.json
21 verbose targetResolver reading package data from C:\Users\hangil\myclinic-drawer-printer\node_modules\conti\package.json
22 verbose targetResolver reading package data from C:\Users\hangil\myclinic-drawer-printer\node_modules\myclinic-drawer-printer\package.json
23 verbose targetResolver reading package data from C:\Users\hangil\myclinic-drawer-printer\node_modules\.bin\drawer-print\package.json
24 verbose targetResolver reading package data from C:\Users\hangil\myclinic-drawer-printer\node_modules\.bin\drawer-print.cmd\package.json
25 verbose already installed skipping conti@^1.3.1 C:\Users\hangil\myclinic-drawer-printer
26 verbose already installed skipping bindings@^1.2.1 C:\Users\hangil\myclinic-drawer-printer
27 silly install resolved []
28 info build C:\Users\hangil\myclinic-drawer-printer
29 info linkStuff myclinic-drawer-printer@1.1.4
30 silly linkStuff myclinic-drawer-printer@1.1.4 has C:\Users\hangil as its parent node_modules
31 verbose linkBins myclinic-drawer-printer@1.1.4
32 verbose linkMans myclinic-drawer-printer@1.1.4
33 verbose rebuildBundles myclinic-drawer-printer@1.1.4
34 verbose rebuildBundles [ '.bin', 'bindings', 'conti', 'myclinic-drawer-printer' ]
35 verbose rebuild bundle C:\Users\hangil\myclinic-drawer-printer\node_modules\myclinic-drawer-printer
36 info build C:\Users\hangil\myclinic-drawer-printer\node_modules\myclinic-drawer-printer
37 info preinstall myclinic-drawer-printer@1.1.4
38 info linkStuff myclinic-drawer-printer@1.1.4
39 silly linkStuff myclinic-drawer-printer@1.1.4 has C:\Users\hangil\myclinic-drawer-printer\node_modules as its parent node_modules
40 verbose linkBins myclinic-drawer-printer@1.1.4
41 verbose link bins [ { 'drawer-print': 'bin/drawer-print.js' },
41 verbose link bins   'C:\\Users\\hangil\\myclinic-drawer-printer\\node_modules\\.bin',
41 verbose link bins   false ]
42 verbose linkMans myclinic-drawer-printer@1.1.4
43 verbose rebuildBundles myclinic-drawer-printer@1.1.4
44 verbose rebuildBundles [ '.bin', 'bindings', 'conti', 'myclinic-drawer-printer' ]
45 verbose rebuild bundle C:\Users\hangil\myclinic-drawer-printer\node_modules\myclinic-drawer-printer\node_modules\myclinic-drawer-printer
46 info build C:\Users\hangil\myclinic-drawer-printer\node_modules\myclinic-drawer-printer\node_modules\myclinic-drawer-printer
47 info preinstall myclinic-drawer-printer@1.1.4
48 info linkStuff myclinic-drawer-printer@1.1.4
49 silly linkStuff myclinic-drawer-printer@1.1.4 has C:\Users\hangil\myclinic-drawer-printer\node_modules\myclinic-drawer-printer\node_modules as its parent node_modules
50 verbose linkBins myclinic-drawer-printer@1.1.4
51 verbose link bins [ { 'drawer-print': 'bin/drawer-print.js' },
51 verbose link bins   'C:\\Users\\hangil\\myclinic-drawer-printer\\node_modules\\myclinic-drawer-printer\\node_modules\\.bin',
51 verbose link bins   false ]
52 verbose linkMans myclinic-drawer-printer@1.1.4
53 verbose rebuildBundles myclinic-drawer-printer@1.1.4
54 verbose rebuildBundles [ '.bin', 'bindings', 'conti', 'myclinic-drawer-printer' ]
55 verbose rebuild bundle C:\Users\hangil\myclinic-drawer-printer\node_modules\myclinic-drawer-printer\node_modules\myclinic-drawer-printer\node_modules\myclinic-drawer-printer
56 info build C:\Users\hangil\myclinic-drawer-printer\node_modules\myclinic-drawer-printer\node_modules\myclinic-drawer-printer\node_modules\myclinic-drawer-printer
57 info preinstall myclinic-drawer-printer@1.1.4
58 info linkStuff myclinic-drawer-printer@1.1.4
59 silly linkStuff myclinic-drawer-printer@1.1.4 has C:\Users\hangil\myclinic-drawer-printer\node_modules\myclinic-drawer-printer\node_modules\myclinic-drawer-printer\node_modules as its parent node_modules
60 verbose linkBins myclinic-drawer-printer@1.1.4
61 verbose link bins [ { 'drawer-print': 'bin/drawer-print.js' },
61 verbose link bins   'C:\\Users\\hangil\\myclinic-drawer-printer\\node_modules\\myclinic-drawer-printer\\node_modules\\myclinic-drawer-printer\\node_modules\\.bin',
61 verbose link bins   false ]
62 verbose linkMans myclinic-drawer-printer@1.1.4
63 verbose rebuildBundles myclinic-drawer-printer@1.1.4
64 verbose rebuildBundles [ '.bin', 'bindings', 'conti', 'myclinic-drawer-printer' ]
65 verbose rebuild bundle C:\Users\hangil\myclinic-drawer-printer\node_modules\myclinic-drawer-printer\node_modules\myclinic-drawer-printer\node_modules\myclinic-drawer-printer\node_modules\myclinic-drawer-printer
66 info build C:\Users\hangil\myclinic-drawer-printer\node_modules\myclinic-drawer-printer\node_modules\myclinic-drawer-printer\node_modules\myclinic-drawer-printer\node_modules\myclinic-drawer-printer
67 info preinstall myclinic-drawer-printer@1.1.4
68 info linkStuff myclinic-drawer-printer@1.1.4
69 silly linkStuff myclinic-drawer-printer@1.1.4 has C:\Users\hangil\myclinic-drawer-printer\node_modules\myclinic-drawer-printer\node_modules\myclinic-drawer-printer\node_modules\myclinic-drawer-printer\node_modules as its parent node_modules
70 verbose linkBins myclinic-drawer-printer@1.1.4
71 verbose link bins [ { 'drawer-print': 'bin/drawer-print.js' },
71 verbose link bins   'C:\\Users\\hangil\\myclinic-drawer-printer\\node_modules\\myclinic-drawer-printer\\node_modules\\myclinic-drawer-printer\\node_modules\\myclinic-drawer-printer\\node_modules\\.bin',
71 verbose link bins   false ]
72 verbose linkMans myclinic-drawer-printer@1.1.4
73 verbose rebuildBundles myclinic-drawer-printer@1.1.4
74 verbose rebuildBundles [ '.bin', 'bindings', 'conti', 'myclinic-drawer-printer' ]
75 verbose rebuild bundle C:\Users\hangil\myclinic-drawer-printer\node_modules\myclinic-drawer-printer\node_modules\myclinic-drawer-printer\node_modules\myclinic-drawer-printer\node_modules\myclinic-drawer-printer\node_modules\myclinic-drawer-printer
76 info build C:\Users\hangil\myclinic-drawer-printer\node_modules\myclinic-drawer-printer\node_modules\myclinic-drawer-printer\node_modules\myclinic-drawer-printer\node_modules\myclinic-drawer-printer\node_modules\myclinic-drawer-printer
77 info preinstall myclinic-drawer-printer@1.1.4
78 info linkStuff myclinic-drawer-printer@1.1.4
79 silly linkStuff myclinic-drawer-printer@1.1.4 has C:\Users\hangil\myclinic-drawer-printer\node_modules\myclinic-drawer-printer\node_modules\myclinic-drawer-printer\node_modules\myclinic-drawer-printer\node_modules\myclinic-drawer-printer\node_modules as its parent node_modules
80 verbose linkBins myclinic-drawer-printer@1.1.4
81 verbose link bins [ { 'drawer-print': 'bin/drawer-print.js' },
81 verbose link bins   'C:\\Users\\hangil\\myclinic-drawer-printer\\node_modules\\myclinic-drawer-printer\\node_modules\\myclinic-drawer-printer\\node_modules\\myclinic-drawer-printer\\node_modules\\myclinic-drawer-printer\\node_modules\\.bin',
81 verbose link bins   false ]
82 verbose linkMans myclinic-drawer-printer@1.1.4
83 verbose rebuildBundles myclinic-drawer-printer@1.1.4
84 verbose rebuildBundles [ '.bin', 'bindings', 'conti', 'myclinic-drawer-printer' ]
85 verbose rebuild bundle C:\Users\hangil\myclinic-drawer-printer\node_modules\myclinic-drawer-printer\node_modules\myclinic-drawer-printer\node_modules\myclinic-drawer-printer\node_modules\myclinic-drawer-printer\node_modules\myclinic-drawer-printer\node_modules\myclinic-drawer-printer
86 info build C:\Users\hangil\myclinic-drawer-printer\node_modules\myclinic-drawer-printer\node_modules\myclinic-drawer-printer\node_modules\myclinic-drawer-printer\node_modules\myclinic-drawer-printer\node_modules\myclinic-drawer-printer\node_modules\myclinic-drawer-printer
87 info preinstall myclinic-drawer-printer@1.1.4
88 info linkStuff myclinic-drawer-printer@1.1.4
89 silly linkStuff myclinic-drawer-printer@1.1.4 has C:\Users\hangil\myclinic-drawer-printer\node_modules\myclinic-drawer-printer\node_modules\myclinic-drawer-printer\node_modules\myclinic-drawer-printer\node_modules\myclinic-drawer-printer\node_modules\myclinic-drawer-printer\node_modules as its parent node_modules
90 verbose linkBins myclinic-drawer-printer@1.1.4
91 verbose link bins [ { 'drawer-print': 'bin/drawer-print.js' },
91 verbose link bins   'C:\\Users\\hangil\\myclinic-drawer-printer\\node_modules\\myclinic-drawer-printer\\node_modules\\myclinic-drawer-printer\\node_modules\\myclinic-drawer-printer\\node_modules\\myclinic-drawer-printer\\node_modules\\myclinic-drawer-printer\\node_modules\\.bin',
91 verbose link bins   false ]
92 verbose linkMans myclinic-drawer-printer@1.1.4
93 verbose rebuildBundles myclinic-drawer-printer@1.1.4
94 verbose rebuildBundles [ '.bin', 'bindings', 'conti', 'myclinic-drawer-printer' ]
95 verbose rebuild bundle C:\Users\hangil\myclinic-drawer-printer\node_modules\myclinic-drawer-printer\node_modules\myclinic-drawer-printer\node_modules\myclinic-drawer-printer\node_modules\myclinic-drawer-printer\node_modules\myclinic-drawer-printer\node_modules\myclinic-drawer-printer\node_modules\myclinic-drawer-printer
96 info build C:\Users\hangil\myclinic-drawer-printer\node_modules\myclinic-drawer-printer\node_modules\myclinic-drawer-printer\node_modules\myclinic-drawer-printer\node_modules\myclinic-drawer-printer\node_modules\myclinic-drawer-printer\node_modules\myclinic-drawer-printer\node_modules\myclinic-drawer-printer
97 info preinstall myclinic-drawer-printer@1.1.4
98 info linkStuff myclinic-drawer-printer@1.1.4
99 silly linkStuff myclinic-drawer-printer@1.1.4 has C:\Users\hangil\myclinic-drawer-printer\node_modules\myclinic-drawer-printer\node_modules\myclinic-drawer-printer\node_modules\myclinic-drawer-printer\node_modules\myclinic-drawer-printer\node_modules\myclinic-drawer-printer\node_modules\myclinic-drawer-printer\node_modules as its parent node_modules
100 verbose linkBins myclinic-drawer-printer@1.1.4
101 verbose link bins [ { 'drawer-print': 'bin/drawer-print.js' },
101 verbose link bins   'C:\\Users\\hangil\\myclinic-drawer-printer\\node_modules\\myclinic-drawer-printer\\node_modules\\myclinic-drawer-printer\\node_modules\\myclinic-drawer-printer\\node_modules\\myclinic-drawer-printer\\node_modules\\myclinic-drawer-printer\\node_modules\\myclinic-drawer-printer\\node_modules\\.bin',
101 verbose link bins   false ]
102 verbose linkMans myclinic-drawer-printer@1.1.4
103 verbose rebuildBundles myclinic-drawer-printer@1.1.4
104 verbose rebuildBundles [ '.bin', 'bindings', 'conti', 'myclinic-drawer-printer' ]
105 verbose rebuild bundle C:\Users\hangil\myclinic-drawer-printer\node_modules\myclinic-drawer-printer\node_modules\myclinic-drawer-printer\node_modules\myclinic-drawer-printer\node_modules\myclinic-drawer-printer\node_modules\myclinic-drawer-printer\node_modules\myclinic-drawer-printer\node_modules\myclinic-drawer-printer\node_modules\myclinic-drawer-printer
106 info build C:\Users\hangil\myclinic-drawer-printer\node_modules\myclinic-drawer-printer\node_modules\myclinic-drawer-printer\node_modules\myclinic-drawer-printer\node_modules\myclinic-drawer-printer\node_modules\myclinic-drawer-printer\node_modules\myclinic-drawer-printer\node_modules\myclinic-drawer-printer\node_modules\myclinic-drawer-printer
107 info preinstall myclinic-drawer-printer@1.1.4
108 info linkStuff myclinic-drawer-printer@1.1.4
109 silly linkStuff myclinic-drawer-printer@1.1.4 has C:\Users\hangil\myclinic-drawer-printer\node_modules\myclinic-drawer-printer\node_modules\myclinic-drawer-printer\node_modules\myclinic-drawer-printer\node_modules\myclinic-drawer-printer\node_modules\myclinic-drawer-printer\node_modules\myclinic-drawer-printer\node_modules\myclinic-drawer-printer\node_modules as its parent node_modules
110 verbose linkBins myclinic-drawer-printer@1.1.4
111 verbose link bins [ { 'drawer-print': 'bin/drawer-print.js' },
111 verbose link bins   'C:\\Users\\hangil\\myclinic-drawer-printer\\node_modules\\myclinic-drawer-printer\\node_modules\\myclinic-drawer-printer\\node_modules\\myclinic-drawer-printer\\node_modules\\myclinic-drawer-printer\\node_modules\\myclinic-drawer-printer\\node_modules\\myclinic-drawer-printer\\node_modules\\myclinic-drawer-printer\\node_modules\\.bin',
111 verbose link bins   false ]
112 verbose linkMans myclinic-drawer-printer@1.1.4
113 verbose rebuildBundles myclinic-drawer-printer@1.1.4
114 verbose rebuildBundles [ '.bin', 'bindings', 'conti', 'myclinic-drawer-printer' ]
115 verbose rebuild bundle C:\Users\hangil\myclinic-drawer-printer\node_modules\myclinic-drawer-printer\node_modules\myclinic-drawer-printer\node_modules\myclinic-drawer-printer\node_modules\myclinic-drawer-printer\node_modules\myclinic-drawer-printer\node_modules\myclinic-drawer-printer\node_modules\myclinic-drawer-printer\node_modules\myclinic-drawer-printer\node_modules\myclinic-drawer-printer
116 info build C:\Users\hangil\myclinic-drawer-printer\node_modules\myclinic-drawer-printer\node_modules\myclinic-drawer-printer\node_modules\myclinic-drawer-printer\node_modules\myclinic-drawer-printer\node_modules\myclinic-drawer-printer\node_modules\myclinic-drawer-printer\node_modules\myclinic-drawer-printer\node_modules\myclinic-drawer-printer\node_modules\myclinic-drawer-printer
117 info preinstall myclinic-drawer-printer@1.1.4
118 info linkStuff myclinic-drawer-printer@1.1.4
119 silly linkStuff myclinic-drawer-printer@1.1.4 has C:\Users\hangil\myclinic-drawer-printer\node_modules\myclinic-drawer-printer\node_modules\myclinic-drawer-printer\node_modules\myclinic-drawer-printer\node_modules\myclinic-drawer-printer\node_modules\myclinic-drawer-printer\node_modules\myclinic-drawer-printer\node_modules\myclinic-drawer-printer\node_modules\myclinic-drawer-printer\node_modules as its parent node_modules
120 verbose linkBins myclinic-drawer-printer@1.1.4
121 verbose link bins [ { 'drawer-print': 'bin/drawer-print.js' },
121 verbose link bins   'C:\\Users\\hangil\\myclinic-drawer-printer\\node_modules\\myclinic-drawer-printer\\node_modules\\myclinic-drawer-printer\\node_modules\\myclinic-drawer-printer\\node_modules\\myclinic-drawer-printer\\node_modules\\myclinic-drawer-printer\\node_modules\\myclinic-drawer-printer\\node_modules\\myclinic-drawer-printer\\node_modules\\myclinic-drawer-printer\\node_modules\\.bin',
121 verbose link bins   false ]
122 verbose linkMans myclinic-drawer-printer@1.1.4
123 verbose rebuildBundles myclinic-drawer-printer@1.1.4
124 verbose rebuildBundles [ '.bin', 'bindings', 'conti', 'myclinic-drawer-printer' ]
125 verbose rebuild bundle C:\Users\hangil\myclinic-drawer-printer\node_modules\myclinic-drawer-printer\node_modules\myclinic-drawer-printer\node_modules\myclinic-drawer-printer\node_modules\myclinic-drawer-printer\node_modules\myclinic-drawer-printer\node_modules\myclinic-drawer-printer\node_modules\myclinic-drawer-printer\node_modules\myclinic-drawer-printer\node_modules\myclinic-drawer-printer\node_modules\myclinic-drawer-printer
126 info build C:\Users\hangil\myclinic-drawer-printer\node_modules\myclinic-drawer-printer\node_modules\myclinic-drawer-printer\node_modules\myclinic-drawer-printer\node_modules\myclinic-drawer-printer\node_modules\myclinic-drawer-printer\node_modules\myclinic-drawer-printer\node_modules\myclinic-drawer-printer\node_modules\myclinic-drawer-printer\node_modules\myclinic-drawer-printer\node_modules\myclinic-drawer-printer
127 info preinstall myclinic-drawer-printer@1.1.4
128 info linkStuff myclinic-drawer-printer@1.1.4
129 silly linkStuff myclinic-drawer-printer@1.1.4 has C:\Users\hangil\myclinic-drawer-printer\node_modules\myclinic-drawer-printer\node_modules\myclinic-drawer-printer\node_modules\myclinic-drawer-printer\node_modules\myclinic-drawer-printer\node_modules\myclinic-drawer-printer\node_modules\myclinic-drawer-printer\node_modules\myclinic-drawer-printer\node_modules\myclinic-drawer-printer\node_modules\myclinic-drawer-printer\node_modules as its parent node_modules
130 verbose linkBins myclinic-drawer-printer@1.1.4
131 verbose link bins [ { 'drawer-print': 'bin/drawer-print.js' },
131 verbose link bins   'C:\\Users\\hangil\\myclinic-drawer-printer\\node_modules\\myclinic-drawer-printer\\node_modules\\myclinic-drawer-printer\\node_modules\\myclinic-drawer-printer\\node_modules\\myclinic-drawer-printer\\node_modules\\myclinic-drawer-printer\\node_modules\\myclinic-drawer-printer\\node_modules\\myclinic-drawer-printer\\node_modules\\myclinic-drawer-printer\\node_modules\\myclinic-drawer-printer\\node_modules\\.bin',
131 verbose link bins   false ]
132 verbose linkMans myclinic-drawer-printer@1.1.4
133 verbose rebuildBundles myclinic-drawer-printer@1.1.4
134 verbose rebuildBundles [ '.bin', 'bindings', 'conti', 'myclinic-drawer-printer' ]
135 verbose rebuild bundle C:\Users\hangil\myclinic-drawer-printer\node_modules\myclinic-drawer-printer\node_modules\myclinic-drawer-printer\node_modules\myclinic-drawer-printer\node_modules\myclinic-drawer-printer\node_modules\myclinic-drawer-printer\node_modules\myclinic-drawer-printer\node_modules\myclinic-drawer-printer\node_modules\myclinic-drawer-printer\node_modules\myclinic-drawer-printer\node_modules\myclinic-drawer-printer\node_modules\myclinic-drawer-printer
136 info build C:\Users\hangil\myclinic-drawer-printer\node_modules\myclinic-drawer-printer\node_modules\myclinic-drawer-printer\node_modules\myclinic-drawer-printer\node_modules\myclinic-drawer-printer\node_modules\myclinic-drawer-printer\node_modules\myclinic-drawer-printer\node_modules\myclinic-drawer-printer\node_modules\myclinic-drawer-printer\node_modules\myclinic-drawer-printer\node_modules\myclinic-drawer-printer\node_modules\myclinic-drawer-printer
137 info preinstall myclinic-drawer-printer@1.1.4
138 info linkStuff myclinic-drawer-printer@1.1.4
139 silly linkStuff myclinic-drawer-printer@1.1.4 has C:\Users\hangil\myclinic-drawer-printer\node_modules\myclinic-drawer-printer\node_modules\myclinic-drawer-printer\node_modules\myclinic-drawer-printer\node_modules\myclinic-drawer-printer\node_modules\myclinic-drawer-printer\node_modules\myclinic-drawer-printer\node_modules\myclinic-drawer-printer\node_modules\myclinic-drawer-printer\node_modules\myclinic-drawer-printer\node_modules\myclinic-drawer-printer\node_modules as its parent node_modules
140 verbose linkBins myclinic-drawer-printer@1.1.4
141 verbose link bins [ { 'drawer-print': 'bin/drawer-print.js' },
141 verbose link bins   'C:\\Users\\hangil\\myclinic-drawer-printer\\node_modules\\myclinic-drawer-printer\\node_modules\\myclinic-drawer-printer\\node_modules\\myclinic-drawer-printer\\node_modules\\myclinic-drawer-printer\\node_modules\\myclinic-drawer-printer\\node_modules\\myclinic-drawer-printer\\node_modules\\myclinic-drawer-printer\\node_modules\\myclinic-drawer-printer\\node_modules\\myclinic-drawer-printer\\node_modules\\myclinic-drawer-printer\\node_modules\\.bin',
141 verbose link bins   false ]
142 verbose linkMans myclinic-drawer-printer@1.1.4
143 verbose rebuildBundles myclinic-drawer-printer@1.1.4
144 verbose rebuildBundles [ '.bin', 'bindings', 'conti', 'myclinic-drawer-printer' ]
145 verbose rebuild bundle C:\Users\hangil\myclinic-drawer-printer\node_modules\myclinic-drawer-printer\node_modules\myclinic-drawer-printer\node_modules\myclinic-drawer-printer\node_modules\myclinic-drawer-printer\node_modules\myclinic-drawer-printer\node_modules\myclinic-drawer-printer\node_modules\myclinic-drawer-printer\node_modules\myclinic-drawer-printer\node_modules\myclinic-drawer-printer\node_modules\myclinic-drawer-printer\node_modules\myclinic-drawer-printer\node_modules\myclinic-drawer-printer
146 info build C:\Users\hangil\myclinic-drawer-printer\node_modules\myclinic-drawer-printer\node_modules\myclinic-drawer-printer\node_modules\myclinic-drawer-printer\node_modules\myclinic-drawer-printer\node_modules\myclinic-drawer-printer\node_modules\myclinic-drawer-printer\node_modules\myclinic-drawer-printer\node_modules\myclinic-drawer-printer\node_modules\myclinic-drawer-printer\node_modules\myclinic-drawer-printer\node_modules\myclinic-drawer-printer\node_modules\myclinic-drawer-printer
147 info preinstall myclinic-drawer-printer@1.1.4
148 info linkStuff myclinic-drawer-printer@1.1.4
149 silly linkStuff myclinic-drawer-printer@1.1.4 has C:\Users\hangil\myclinic-drawer-printer\node_modules\myclinic-drawer-printer\node_modules\myclinic-drawer-printer\node_modules\myclinic-drawer-printer\node_modules\myclinic-drawer-printer\node_modules\myclinic-drawer-printer\node_modules\myclinic-drawer-printer\node_modules\myclinic-drawer-printer\node_modules\myclinic-drawer-printer\node_modules\myclinic-drawer-printer\node_modules\myclinic-drawer-printer\node_modules\myclinic-drawer-printer\node_modules as its parent node_modules
150 verbose linkBins myclinic-drawer-printer@1.1.4
151 verbose link bins [ { 'drawer-print': 'bin/drawer-print.js' },
151 verbose link bins   'C:\\Users\\hangil\\myclinic-drawer-printer\\node_modules\\myclinic-drawer-printer\\node_modules\\myclinic-drawer-printer\\node_modules\\myclinic-drawer-printer\\node_modules\\myclinic-drawer-printer\\node_modules\\myclinic-drawer-printer\\node_modules\\myclinic-drawer-printer\\node_modules\\myclinic-drawer-printer\\node_modules\\myclinic-drawer-printer\\node_modules\\myclinic-drawer-printer\\node_modules\\myclinic-drawer-printer\\node_modules\\myclinic-drawer-printer\\node_modules\\.bin',
151 verbose link bins   false ]
152 verbose linkMans myclinic-drawer-printer@1.1.4
153 verbose rebuildBundles myclinic-drawer-printer@1.1.4
154 verbose rebuildBundles [ '.bin', 'bindings', 'conti', 'myclinic-drawer-printer' ]
155 verbose rebuild bundle C:\Users\hangil\myclinic-drawer-printer\node_modules\myclinic-drawer-printer\node_modules\myclinic-drawer-printer\node_modules\myclinic-drawer-printer\node_modules\myclinic-drawer-printer\node_modules\myclinic-drawer-printer\node_modules\myclinic-drawer-printer\node_modules\myclinic-drawer-printer\node_modules\myclinic-drawer-printer\node_modules\myclinic-drawer-printer\node_modules\myclinic-drawer-printer\node_modules\myclinic-drawer-printer\node_modules\myclinic-drawer-printer\node_modules\myclinic-drawer-printer
156 info build C:\Users\hangil\myclinic-drawer-printer\node_modules\myclinic-drawer-printer\node_modules\myclinic-drawer-printer\node_modules\myclinic-drawer-printer\node_modules\myclinic-drawer-printer\node_modules\myclinic-drawer-printer\node_modules\myclinic-drawer-printer\node_modules\myclinic-drawer-printer\node_modules\myclinic-drawer-printer\node_modules\myclinic-drawer-printer\node_modules\myclinic-drawer-printer\node_modules\myclinic-drawer-printer\node_modules\myclinic-drawer-printer\node_modules\myclinic-drawer-printer
157 info preinstall myclinic-drawer-printer@1.1.4
158 info linkStuff myclinic-drawer-printer@1.1.4
159 silly linkStuff myclinic-drawer-printer@1.1.4 has C:\Users\hangil\myclinic-drawer-printer\node_modules\myclinic-drawer-printer\node_modules\myclinic-drawer-printer\node_modules\myclinic-drawer-printer\node_modules\myclinic-drawer-printer\node_modules\myclinic-drawer-printer\node_modules\myclinic-drawer-printer\node_modules\myclinic-drawer-printer\node_modules\myclinic-drawer-printer\node_modules\myclinic-drawer-printer\node_modules\myclinic-drawer-printer\node_modules\myclinic-drawer-printer\node_modules\myclinic-drawer-printer\node_modules as its parent node_modules
160 verbose linkBins myclinic-drawer-printer@1.1.4
161 verbose link bins [ { 'drawer-print': 'bin/drawer-print.js' },
161 verbose link bins   'C:\\Users\\hangil\\myclinic-drawer-printer\\node_modules\\myclinic-drawer-printer\\node_modules\\myclinic-drawer-printer\\node_modules\\myclinic-drawer-printer\\node_modules\\myclinic-drawer-printer\\node_modules\\myclinic-drawer-printer\\node_modules\\myclinic-drawer-printer\\node_modules\\myclinic-drawer-printer\\node_modules\\myclinic-drawer-printer\\node_modules\\myclinic-drawer-printer\\node_modules\\myclinic-drawer-printer\\node_modules\\myclinic-drawer-printer\\node_modules\\myclinic-drawer-printer\\node_modules\\.bin',
161 verbose link bins   false ]
162 verbose linkMans myclinic-drawer-printer@1.1.4
163 verbose rebuildBundles myclinic-drawer-printer@1.1.4
164 verbose rebuildBundles [ '.bin', 'bindings', 'conti', 'myclinic-drawer-printer' ]
165 verbose rebuild bundle C:\Users\hangil\myclinic-drawer-printer\node_modules\myclinic-drawer-printer\node_modules\myclinic-drawer-printer\node_modules\myclinic-drawer-printer\node_modules\myclinic-drawer-printer\node_modules\myclinic-drawer-printer\node_modules\myclinic-drawer-printer\node_modules\myclinic-drawer-printer\node_modules\myclinic-drawer-printer\node_modules\myclinic-drawer-printer\node_modules\myclinic-drawer-printer\node_modules\myclinic-drawer-printer\node_modules\myclinic-drawer-printer\node_modules\myclinic-drawer-printer\node_modules\myclinic-drawer-printer
166 info build C:\Users\hangil\myclinic-drawer-printer\node_modules\myclinic-drawer-printer\node_modules\myclinic-drawer-printer\node_modules\myclinic-drawer-printer\node_modules\myclinic-drawer-printer\node_modules\myclinic-drawer-printer\node_modules\myclinic-drawer-printer\node_modules\myclinic-drawer-printer\node_modules\myclinic-drawer-printer\node_modules\myclinic-drawer-printer\node_modules\myclinic-drawer-printer\node_modules\myclinic-drawer-printer\node_modules\myclinic-drawer-printer\node_modules\myclinic-drawer-printer\node_modules\myclinic-drawer-printer
167 info preinstall myclinic-drawer-printer@1.1.4
168 info linkStuff myclinic-drawer-printer@1.1.4
169 silly linkStuff myclinic-drawer-printer@1.1.4 has C:\Users\hangil\myclinic-drawer-printer\node_modules\myclinic-drawer-printer\node_modules\myclinic-drawer-printer\node_modules\myclinic-drawer-printer\node_modules\myclinic-drawer-printer\node_modules\myclinic-drawer-printer\node_modules\myclinic-drawer-printer\node_modules\myclinic-drawer-printer\node_modules\myclinic-drawer-printer\node_modules\myclinic-drawer-printer\node_modules\myclinic-drawer-printer\node_modules\myclinic-drawer-printer\node_modules\myclinic-drawer-printer\node_modules\myclinic-drawer-printer\node_modules as its parent node_modules
170 verbose linkBins myclinic-drawer-printer@1.1.4
171 verbose link bins [ { 'drawer-print': 'bin/drawer-print.js' },
171 verbose link bins   'C:\\Users\\hangil\\myclinic-drawer-printer\\node_modules\\myclinic-drawer-printer\\node_modules\\myclinic-drawer-printer\\node_modules\\myclinic-drawer-printer\\node_modules\\myclinic-drawer-printer\\node_modules\\myclinic-drawer-printer\\node_modules\\myclinic-drawer-printer\\node_modules\\myclinic-drawer-printer\\node_modules\\myclinic-drawer-printer\\node_modules\\myclinic-drawer-printer\\node_modules\\myclinic-drawer-printer\\node_modules\\myclinic-drawer-printer\\node_modules\\myclinic-drawer-printer\\node_modules\\myclinic-drawer-printer\\node_modules\\.bin',
171 verbose link bins   false ]
172 verbose linkMans myclinic-drawer-printer@1.1.4
173 verbose rebuildBundles myclinic-drawer-printer@1.1.4
174 verbose rebuildBundles [ '.bin', 'bindings', 'conti', 'myclinic-drawer-printer' ]
175 verbose rebuild bundle C:\Users\hangil\myclinic-drawer-printer\node_modules\myclinic-drawer-printer\node_modules\myclinic-drawer-printer\node_modules\myclinic-drawer-printer\node_modules\myclinic-drawer-printer\node_modules\myclinic-drawer-printer\node_modules\myclinic-drawer-printer\node_modules\myclinic-drawer-printer\node_modules\myclinic-drawer-printer\node_modules\myclinic-drawer-printer\node_modules\myclinic-drawer-printer\node_modules\myclinic-drawer-printer\node_modules\myclinic-drawer-printer\node_modules\myclinic-drawer-printer\node_modules\myclinic-drawer-printer\node_modules\myclinic-drawer-printer
176 info build C:\Users\hangil\myclinic-drawer-printer\node_modules\myclinic-drawer-printer\node_modules\myclinic-drawer-printer\node_modules\myclinic-drawer-printer\node_modules\myclinic-drawer-printer\node_modules\myclinic-drawer-printer\node_modules\myclinic-drawer-printer\node_modules\myclinic-drawer-printer\node_modules\myclinic-drawer-printer\node_modules\myclinic-drawer-printer\node_modules\myclinic-drawer-printer\node_modules\myclinic-drawer-printer\node_modules\myclinic-drawer-printer\node_modules\myclinic-drawer-printer\node_modules\myclinic-drawer-printer\node_modules\myclinic-drawer-printer
177 info preinstall myclinic-drawer-printer@1.1.4
178 info linkStuff myclinic-drawer-printer@1.1.4
179 silly linkStuff myclinic-drawer-printer@1.1.4 has C:\Users\hangil\myclinic-drawer-printer\node_modules\myclinic-drawer-printer\node_modules\myclinic-drawer-printer\node_modules\myclinic-drawer-printer\node_modules\myclinic-drawer-printer\node_modules\myclinic-drawer-printer\node_modules\myclinic-drawer-printer\node_modules\myclinic-drawer-printer\node_modules\myclinic-drawer-printer\node_modules\myclinic-drawer-printer\node_modules\myclinic-drawer-printer\node_modules\myclinic-drawer-printer\node_modules\myclinic-drawer-printer\node_modules\myclinic-drawer-printer\node_modules\myclinic-drawer-printer\node_modules as its parent node_modules
180 verbose linkBins myclinic-drawer-printer@1.1.4
181 verbose link bins [ { 'drawer-print': 'bin/drawer-print.js' },
181 verbose link bins   'C:\\Users\\hangil\\myclinic-drawer-printer\\node_modules\\myclinic-drawer-printer\\node_modules\\myclinic-drawer-printer\\node_modules\\myclinic-drawer-printer\\node_modules\\myclinic-drawer-printer\\node_modules\\myclinic-drawer-printer\\node_modules\\myclinic-drawer-printer\\node_modules\\myclinic-drawer-printer\\node_modules\\myclinic-drawer-printer\\node_modules\\myclinic-drawer-printer\\node_modules\\myclinic-drawer-printer\\node_modules\\myclinic-drawer-printer\\node_modules\\myclinic-drawer-printer\\node_modules\\myclinic-drawer-printer\\node_modules\\myclinic-drawer-printer\\node_modules\\.bin',
181 verbose link bins   false ]
182 verbose linkMans myclinic-drawer-printer@1.1.4
183 verbose rebuildBundles myclinic-drawer-printer@1.1.4
184 verbose rebuildBundles [ '.bin', 'bindings', 'conti', 'myclinic-drawer-printer' ]
185 verbose rebuild bundle C:\Users\hangil\myclinic-drawer-printer\node_modules\myclinic-drawer-printer\node_modules\myclinic-drawer-printer\node_modules\myclinic-drawer-printer\node_modules\myclinic-drawer-printer\node_modules\myclinic-drawer-printer\node_modules\myclinic-drawer-printer\node_modules\myclinic-drawer-printer\node_modules\myclinic-drawer-printer\node_modules\myclinic-drawer-printer\node_modules\myclinic-drawer-printer\node_modules\myclinic-drawer-printer\node_modules\myclinic-drawer-printer\node_modules\myclinic-drawer-printer\node_modules\myclinic-drawer-printer\node_modules\myclinic-drawer-printer\node_modules\myclinic-drawer-printer
186 info install myclinic-drawer-printer@1.1.4
187 verbose unsafe-perm in lifecycle true
188 info myclinic-drawer-printer@1.1.4 Failed to exec install script
189 verbose stack Error: myclinic-drawer-printer@1.1.4 install: `node-gyp rebuild`
189 verbose stack spawn C:\WINDOWS\system32\cmd.exe ENOENT
189 verbose stack     at exports._errnoException (util.js:746:11)
189 verbose stack     at Process.ChildProcess._handle.onexit (child_process.js:1053:32)
189 verbose stack     at child_process.js:1144:20
189 verbose stack     at process._tickCallback (node.js:355:11)
190 verbose pkgid myclinic-drawer-printer@1.1.4
191 verbose cwd C:\Users\hangil\myclinic-drawer-printer
192 error Windows_NT 6.3.9600
193 error argv "C:\\Program Files (x86)\\nodejs\\\\node.exe" "C:\\Program Files (x86)\\nodejs\\node_modules\\npm\\bin\\npm-cli.js" "link"
194 error node v0.12.7
195 error npm  v2.11.3
196 error file C:\WINDOWS\system32\cmd.exe
197 error path C:\WINDOWS\system32\cmd.exe
198 error code ELIFECYCLE
199 error errno ENOENT
200 error syscall spawn C:\WINDOWS\system32\cmd.exe
201 error myclinic-drawer-printer@1.1.4 install: `node-gyp rebuild`
201 error spawn C:\WINDOWS\system32\cmd.exe ENOENT
202 error Failed at the myclinic-drawer-printer@1.1.4 install script 'node-gyp rebuild'.
202 error This is most likely a problem with the myclinic-drawer-printer package,
202 error not with npm itself.
202 error Tell the author that this fails on your system:
202 error     node-gyp rebuild
202 error You can get their info via:
202 error     npm owner ls myclinic-drawer-printer
202 error There is likely additional logging output above.
203 verbose exit [ 1, true ]
